<?xml version="1.0" encoding="UTF-8"?>
<testsuite name="MyWeb" tests="1" skipped="0" failures="0" errors="0" timestamp="2024-03-17T16:24:33" hostname="DESKTOP-H99QUMJ" time="40.893">
  <properties/>
  <testcase name="form()" classname="MyWeb" time="40.893"/>
  <system-out><![CDATA[]]></system-out>
  <system-err><![CDATA[]]></system-err>
</testsuite>
